<?xml version="1.0" encoding="UTF-8"?>
<testng-results ignored="0" total="2" passed="2" failed="0" skipped="0">
  <reporter-output>
  </reporter-output>
  <suite started-at="2025-05-19T23:56:51 IST" name="Suite" finished-at="2025-05-19T23:57:04 IST" duration-ms="13405">
    <groups>
      <group name="Master">
        <method signature="TC001_AcccountRegistrationTest.verify_account_registration()[pri:0, instance:testCases.TC001_AcccountRegistrationTest@6572421]" name="verify_account_registration" class="testCases.TC001_AcccountRegistrationTest"/>
        <method signature="TC002_LoginTest.verify_login()[pri:0, instance:testCases.TC002_LoginTest@515aebb0]" name="verify_login" class="testCases.TC002_LoginTest"/>
      </group> <!-- Master -->
      <group name="Sanity">
        <method signature="TC002_LoginTest.verify_login()[pri:0, instance:testCases.TC002_LoginTest@515aebb0]" name="verify_login" class="testCases.TC002_LoginTest"/>
      </group> <!-- Sanity -->
      <group name="Regression">
        <method signature="TC001_AcccountRegistrationTest.verify_account_registration()[pri:0, instance:testCases.TC001_AcccountRegistrationTest@6572421]" name="verify_account_registration" class="testCases.TC001_AcccountRegistrationTest"/>
      </group> <!-- Regression -->
    </groups>
    <test started-at="2025-05-19T23:56:51 IST" name="Test" finished-at="2025-05-19T23:57:04 IST" duration-ms="13405">
      <class name="testCases.TC002_LoginTest">
        <test-method is-config="true" signature="setup(java.lang.String,java.lang.String)[pri:0, instance:testCases.TC002_LoginTest@515aebb0]" started-at="2025-05-19T23:56:59 IST" name="setup" finished-at="2025-05-19T23:57:03 IST" duration-ms="3162" status="PASS">
          <params>
            <param index="0">
              <value>
                <![CDATA[Windows]]>
              </value>
            </param>
            <param index="1">
              <value>
                <![CDATA[chrome]]>
              </value>
            </param>
          </params>
          <reporter-output>
          </reporter-output>
        </test-method> <!-- setup -->
        <test-method signature="verify_login()[pri:0, instance:testCases.TC002_LoginTest@515aebb0]" started-at="2025-05-19T23:57:03 IST" name="verify_login" finished-at="2025-05-19T23:57:04 IST" duration-ms="1527" status="PASS">
          <reporter-output>
          </reporter-output>
        </test-method> <!-- verify_login -->
        <test-method is-config="true" signature="tearDown()[pri:0, instance:testCases.TC002_LoginTest@515aebb0]" started-at="2025-05-19T23:57:04 IST" name="tearDown" finished-at="2025-05-19T23:57:04 IST" duration-ms="180" status="PASS">
          <reporter-output>
          </reporter-output>
        </test-method> <!-- tearDown -->
      </class> <!-- testCases.TC002_LoginTest -->
      <class name="testCases.TC001_AcccountRegistrationTest">
        <test-method is-config="true" signature="setup(java.lang.String,java.lang.String)[pri:0, instance:testCases.TC001_AcccountRegistrationTest@6572421]" started-at="2025-05-19T23:56:51 IST" name="setup" finished-at="2025-05-19T23:56:55 IST" duration-ms="3993" status="PASS">
          <params>
            <param index="0">
              <value>
                <![CDATA[Windows]]>
              </value>
            </param>
            <param index="1">
              <value>
                <![CDATA[chrome]]>
              </value>
            </param>
          </params>
          <reporter-output>
          </reporter-output>
        </test-method> <!-- setup -->
        <test-method signature="verify_account_registration()[pri:0, instance:testCases.TC001_AcccountRegistrationTest@6572421]" started-at="2025-05-19T23:56:55 IST" name="verify_account_registration" finished-at="2025-05-19T23:56:59 IST" duration-ms="4160" status="PASS">
          <reporter-output>
          </reporter-output>
        </test-method> <!-- verify_account_registration -->
        <test-method is-config="true" signature="tearDown()[pri:0, instance:testCases.TC001_AcccountRegistrationTest@6572421]" started-at="2025-05-19T23:56:59 IST" name="tearDown" finished-at="2025-05-19T23:56:59 IST" duration-ms="181" status="PASS">
          <reporter-output>
          </reporter-output>
        </test-method> <!-- tearDown -->
      </class> <!-- testCases.TC001_AcccountRegistrationTest -->
    </test> <!-- Test -->
  </suite> <!-- Suite -->
</testng-results>
